Determining if the pthread_create exist failed with the following output:
Change Dir: /home/vismay/CPP/gitHub_anotherUser/HopsonCraft-e803ca5fbf51df134cfa7e87c14275c6c73fce8e/CMakeFiles/CMakeTmp

Run Build Command:"/usr/bin/make" "cmTC_77f33/fast"
/usr/bin/make -f CMakeFiles/cmTC_77f33.dir/build.make CMakeFiles/cmTC_77f33.dir/build
make[1]: Entering directory '/home/vismay/CPP/gitHub_anotherUser/HopsonCraft-e803ca5fbf51df134cfa7e87c14275c6c73fce8e/CMakeFiles/CMakeTmp'
Building C object CMakeFiles/cmTC_77f33.dir/CheckSymbolExists.c.o
/usr/bin/cc     -o CMakeFiles/cmTC_77f33.dir/CheckSymbolExists.c.o   -c /home/vismay/CPP/gitHub_anotherUser/HopsonCraft-e803ca5fbf51df134cfa7e87c14275c6c73fce8e/CMakeFiles/CMakeTmp/CheckSymbolExists.c
Linking C executable cmTC_77f33
/usr/bin/cmake -E cmake_link_script CMakeFiles/cmTC_77f33.dir/link.txt --verbose=1
/usr/bin/cc       CMakeFiles/cmTC_77f33.dir/CheckSymbolExists.c.o  -o cmTC_77f33 -rdynamic 
CMakeFiles/cmTC_77f33.dir/CheckSymbolExists.c.o: In function `main':
CheckSymbolExists.c:(.text+0x16): undefined reference to `pthread_create'
collect2: error: ld returned 1 exit status
CMakeFiles/cmTC_77f33.dir/build.make:97: recipe for target 'cmTC_77f33' failed
make[1]: *** [cmTC_77f33] Error 1
make[1]: Leaving directory '/home/vismay/CPP/gitHub_anotherUser/HopsonCraft-e803ca5fbf51df134cfa7e87c14275c6c73fce8e/CMakeFiles/CMakeTmp'
Makefile:126: recipe for target 'cmTC_77f33/fast' failed
make: *** [cmTC_77f33/fast] Error 2

File /home/vismay/CPP/gitHub_anotherUser/HopsonCraft-e803ca5fbf51df134cfa7e87c14275c6c73fce8e/CMakeFiles/CMakeTmp/CheckSymbolExists.c:
/* */
#include <pthread.h>

int main(int argc, char** argv)
{
  (void)argv;
#ifndef pthread_create
  return ((int*)(&pthread_create))[argc];
#else
  (void)argc;
  return 0;
#endif
}

Determining if the function pthread_create exists in the pthreads failed with the following output:
Change Dir: /home/vismay/CPP/gitHub_anotherUser/HopsonCraft-e803ca5fbf51df134cfa7e87c14275c6c73fce8e/CMakeFiles/CMakeTmp

Run Build Command:"/usr/bin/make" "cmTC_5252a/fast"
/usr/bin/make -f CMakeFiles/cmTC_5252a.dir/build.make CMakeFiles/cmTC_5252a.dir/build
make[1]: Entering directory '/home/vismay/CPP/gitHub_anotherUser/HopsonCraft-e803ca5fbf51df134cfa7e87c14275c6c73fce8e/CMakeFiles/CMakeTmp'
Building C object CMakeFiles/cmTC_5252a.dir/CheckFunctionExists.c.o
/usr/bin/cc    -DCHECK_FUNCTION_EXISTS=pthread_create   -o CMakeFiles/cmTC_5252a.dir/CheckFunctionExists.c.o   -c /usr/share/cmake-3.5/Modules/CheckFunctionExists.c
Linking C executable cmTC_5252a
/usr/bin/cmake -E cmake_link_script CMakeFiles/cmTC_5252a.dir/link.txt --verbose=1
/usr/bin/cc   -DCHECK_FUNCTION_EXISTS=pthread_create    CMakeFiles/cmTC_5252a.dir/CheckFunctionExists.c.o  -o cmTC_5252a -rdynamic -lpthreads 
/usr/bin/ld: cannot find -lpthreads
collect2: error: ld returned 1 exit status
CMakeFiles/cmTC_5252a.dir/build.make:97: recipe for target 'cmTC_5252a' failed
make[1]: *** [cmTC_5252a] Error 1
make[1]: Leaving directory '/home/vismay/CPP/gitHub_anotherUser/HopsonCraft-e803ca5fbf51df134cfa7e87c14275c6c73fce8e/CMakeFiles/CMakeTmp'
Makefile:126: recipe for target 'cmTC_5252a/fast' failed
make: *** [cmTC_5252a/fast] Error 2


